# Preference setting overrides
gui_create_pref_key -category {Globals} -key {load_detail_for_funcov} -value_type {bool} -value {false}

# State setting overrides
gui_state_default_create -off -ini
gui_set_state_value -category Globals -key recent_databases -value {{gui_open_db -file vcdplus.vpd} {gui_open_db -file /home/eda/Documents/Synopsys_lab/SystemVerilog_lab/ces_svtb_2011.12/solutions/lab1/vcdplus.vpd -design V2} {gui_open_db -file verilog.dump -design V1} {gui_open_db -file vcdplus.vpd -design V1}}
gui_set_state_value -category Globals -key recent_sessions -value {{gui_load_session -ignore_errors -file /home/eda/Documents/Synopsys_lab/SystemVerilog_lab/ces_svtb_2011.12/solutions/lab1/router_waves.tcl}}
gui_set_state_value -category Layout -key child_console_size_x -value 1915
gui_set_state_value -category Layout -key child_console_size_y -value 105
gui_set_state_value -category Layout -key child_data_coltype -value 87
gui_set_state_value -category Layout -key child_data_colvalue -value 70
gui_set_state_value -category Layout -key child_data_colvariable -value 198
gui_set_state_value -category Layout -key child_data_size_x -value 302
gui_set_state_value -category Layout -key child_data_size_y -value 819
gui_set_state_value -category Layout -key child_hier_col3 -value {-1}
gui_set_state_value -category Layout -key child_hier_colhier -value 148
gui_set_state_value -category Layout -key child_hier_colpd -value 0
gui_set_state_value -category Layout -key child_hier_size_x -value 256
gui_set_state_value -category Layout -key child_hier_size_y -value 819
gui_set_state_value -category Layout -key child_source_docknewline -value false
gui_set_state_value -category Layout -key child_source_pos_x -value {-2}
gui_set_state_value -category Layout -key child_source_pos_y -value {-15}
gui_set_state_value -category Layout -key child_source_size_x -value 1360
gui_set_state_value -category Layout -key child_source_size_y -value 814
gui_set_state_value -category Layout -key child_transaction_col_caller -value 65
gui_set_state_value -category Layout -key child_transaction_col_expand -value 16
gui_set_state_value -category Layout -key child_transaction_col_message -value 59
gui_set_state_value -category Layout -key child_transaction_col_name -value 40
gui_set_state_value -category Layout -key child_transaction_col_relation -value 53
gui_set_state_value -category Layout -key child_transaction_col_scope -value 86
gui_set_state_value -category Layout -key child_transaction_col_severity -value 54
gui_set_state_value -category Layout -key child_transaction_col_target -value 43
gui_set_state_value -category Layout -key child_transaction_col_time -value 80
gui_set_state_value -category Layout -key child_transaction_col_type -value 36
gui_set_state_value -category Layout -key child_transaction_size_x -value 1201
gui_set_state_value -category Layout -key child_transaction_size_y -value 201
gui_set_state_value -category Layout -key child_wave_colname -value 236
gui_set_state_value -category Layout -key child_wave_colvalue -value 236
gui_set_state_value -category Layout -key child_wave_left -value 476
gui_set_state_value -category Layout -key child_wave_right -value 1160
gui_set_state_value -category Layout -key main_pos_x -value 2
gui_set_state_value -category Layout -key main_pos_y -value 51
gui_set_state_value -category Layout -key main_size_x -value 1917
gui_set_state_value -category Layout -key main_size_y -value 1050
gui_set_state_value -category Layout -key stand_wave_child_docknewline -value false
gui_set_state_value -category Layout -key stand_wave_child_pos_x -value {-2}
gui_set_state_value -category Layout -key stand_wave_child_pos_y -value {-15}
gui_set_state_value -category Layout -key stand_wave_child_size_x -value 1646
gui_set_state_value -category Layout -key stand_wave_child_size_y -value 726
gui_set_state_value -category Layout -key stand_wave_top_pos_x -value 16
gui_set_state_value -category Layout -key stand_wave_top_pos_y -value 117
gui_set_state_value -category Layout -key stand_wave_top_size_x -value 1657
gui_set_state_value -category Layout -key stand_wave_top_size_y -value 946
gui_create_state_key -category FindDialog -key m_pMatchCase -value_type bool -value false
gui_create_state_key -category FindDialog -key m_pMatchWord -value_type bool -value false
gui_create_state_key -category FindDialog -key m_pUseCombo -value_type string -value {}
gui_create_state_key -category FindDialog -key m_pWrapAround -value_type bool -value true
gui_create_state_key -category SearchDialog -key MatchCase -value_type bool -value false
gui_create_state_key -category SearchDialog -key MatchWord -value_type bool -value true
gui_create_state_key -category SearchDialog -key SearchMode -value_type string -value Wildcards
gui_create_state_key -category SearchDialog -key UseCombo -value_type bool -value true
gui_state_default_create -off

# Begin command logging
gui_open_db -file /home/eda/Documents/fifo/.vcd.vpd -design V1
gui_list_expand -id  Hier.1   tb_asyn_fifo
gui_list_expand -id  Hier.1   tb_asyn_fifo.asyn_fifo1
gui_list_select -id Hier.1 -current_item_name tb_asyn_fifo.asyn_fifo1.fifomem11 -current_item_type Scope  -selected  { tb_asyn_fifo.asyn_fifo1.fifomem11   }
gui_list_select -id Data.1 -selected  { {tb_asyn_fifo.asyn_fifo1.fifomem11.waddr[3:0]}   }
gui_list_select -id Data.1 -selected  { {tb_asyn_fifo.asyn_fifo1.fifomem11.raddr[3:0]}   }
gui_list_select -id Data.1 -selected  { {tb_asyn_fifo.asyn_fifo1.fifomem11.waddr[3:0]}   }
gui_list_select -id Data.1 -selected  { {tb_asyn_fifo.asyn_fifo1.fifomem11.rdata[7:0]}   }
gui_list_select -id Data.1 -selected  { {tb_asyn_fifo.asyn_fifo1.fifomem11.rdata[7:0]}  tb_asyn_fifo.asyn_fifo1.fifomem11.wfull   }
gui_list_select -id Data.1 -selected  { {tb_asyn_fifo.asyn_fifo1.fifomem11.rdata[7:0]}  tb_asyn_fifo.asyn_fifo1.fifomem11.wfull  tb_asyn_fifo.asyn_fifo1.fifomem11.wclken   }
gui_list_select -id Data.1 -selected  { {tb_asyn_fifo.asyn_fifo1.fifomem11.rdata[7:0]}  tb_asyn_fifo.asyn_fifo1.fifomem11.wfull  tb_asyn_fifo.asyn_fifo1.fifomem11.wclken  tb_asyn_fifo.asyn_fifo1.fifomem11.wclk   }
gui_list_select -id Data.1 -selected  { {tb_asyn_fifo.asyn_fifo1.fifomem11.rdata[7:0]}  tb_asyn_fifo.asyn_fifo1.fifomem11.wfull  tb_asyn_fifo.asyn_fifo1.fifomem11.wclken  tb_asyn_fifo.asyn_fifo1.fifomem11.wclk  {tb_asyn_fifo.asyn_fifo1.fifomem11.wdata[7:0]}   }
gui_list_select -id Data.1 -selected  { {tb_asyn_fifo.asyn_fifo1.fifomem11.rdata[7:0]}  tb_asyn_fifo.asyn_fifo1.fifomem11.wfull  tb_asyn_fifo.asyn_fifo1.fifomem11.wclken  tb_asyn_fifo.asyn_fifo1.fifomem11.wclk  {tb_asyn_fifo.asyn_fifo1.fifomem11.wdata[7:0]}  {tb_asyn_fifo.asyn_fifo1.fifomem11.raddr[3:0]}   }
gui_list_select -id Data.1 -selected  { {tb_asyn_fifo.asyn_fifo1.fifomem11.rdata[7:0]}  tb_asyn_fifo.asyn_fifo1.fifomem11.wfull  tb_asyn_fifo.asyn_fifo1.fifomem11.wclken  tb_asyn_fifo.asyn_fifo1.fifomem11.wclk  {tb_asyn_fifo.asyn_fifo1.fifomem11.wdata[7:0]}  {tb_asyn_fifo.asyn_fifo1.fifomem11.raddr[3:0]}  {tb_asyn_fifo.asyn_fifo1.fifomem11.waddr[3:0]}   }
gui_open_window Wave
gui_list_add -id Wave.1 -from Data.1 { {tb_asyn_fifo.asyn_fifo1.fifomem11.waddr[3:0]} {tb_asyn_fifo.asyn_fifo1.fifomem11.raddr[3:0]} {tb_asyn_fifo.asyn_fifo1.fifomem11.wdata[7:0]} tb_asyn_fifo.asyn_fifo1.fifomem11.wclk tb_asyn_fifo.asyn_fifo1.fifomem11.wclken tb_asyn_fifo.asyn_fifo1.fifomem11.wfull {tb_asyn_fifo.asyn_fifo1.fifomem11.rdata[7:0]} } -insertionbar
gui_marker_move -id  Wave.1 C1 26109
gui_zoom -window Wave.1 -full
gui_zoom -window Wave.1 -full
gui_wv_scroll_hslidermove -id  Wave.1 0
gui_wv_scroll_hslidermove -id  Wave.1 0
gui_wv_scroll_hslidermove -id  Wave.1 0
gui_wv_scroll_hslidermove -id  Wave.1 0
gui_wv_scroll_hslidermove -id  Wave.1 0
gui_zoom -window Wave.1 -factor 2
gui_zoom -window Wave.1 -factor 2
gui_zoom -window Wave.1 -factor 2
gui_zoom -window Wave.1 -factor 2
gui_zoom -window Wave.1 -factor 2
gui_list_set_filter -id Hier.1 -type All -value 1
gui_list_select -id Data.1 -selected  {  }
gui_list_select -id Hier.1 -current_item_name tb_asyn_fifo.asyn_fifo1.fifomem11 -current_item_type Scope  -selected  {  }
gui_list_set_filter -id Hier.1 -type All -value 0
gui_list_set_filter -id Hier.1 -type All -value 1
gui_close_window -window TopLevel.1
