*design* DebussyLib (btIdent Verdi3_L-2016.06-1)
Command arguments:
    +define+verilog
    -full64
*Warning* Unknown argument -full64

    -f filelist
        asyn_fifo.v
        fifomem.v
        rptr_empty.v
        sync_r2w.v
        sync_w2r.v
        wptr_full.v
        top_tb.sv
        my_driver.sv
        my_if.sv
        my_transaction.sv
        my_env.sv
        in_monitor.sv
        out_monitor.sv
        i_agt.sv
        o_agt.sv
        my_model.sv
        my_scoreboard.sv
        my_sequencer.sv
        base_test.sv
        my_case0.sv
        my_case1.sv
        fifo_rst_mon.sv
        fifo_chk_rst.sv


*Warning* symbol rptr duplicated
"rptr_empty.v", 32: 

*Warning* symbol rempty duplicated
"rptr_empty.v", 33: 

*Warning* symbol wq2_rptr duplicated
"sync_r2w.v", 29: 

*Warning* symbol rq2_wptr duplicated
"sync_w2r.v", 30: 

*Warning* symbol wptr duplicated
"wptr_full.v", 32: 

*Warning* symbol wfull duplicated
"wptr_full.v", 33: 

*Error* `include file "uvm_macros.svh" cannot be read
"top_tb.sv", 3: 

*Error* Syntax error at import
"top_tb.sv", 4: 

*Error* Syntax error at interface
"my_if.sv", 4: 

*Error* Syntax error at logic
"my_if.sv", 6: 

*Error* Syntax error at logic
"my_if.sv", 7: 

*Error* usage of using constructs outside of modules or primitives is supported only if the option '-sv' is specified
"my_if.sv", 8: 

*Error* Syntax error at logic
"my_if.sv", 9: 

*Error* Syntax error at clocking
"my_if.sv", 13: 

*Error* Syntax error at input
"my_if.sv", 14: 

*Error* Syntax error at inout
"my_if.sv", 15: 

*Error* Syntax error at inout
"my_if.sv", 16: 

*Error* Syntax error at endclocking
"my_if.sv", 17: 

*Error* Syntax error at clocking
"my_if.sv", 19: 

*Error* Syntax error at input
"my_if.sv", 20: 

*Error* Syntax error at inout
"my_if.sv", 21: 

*Error* Syntax error at input
"my_if.sv", 22: 

*Error* Syntax error at endclocking
"my_if.sv", 23: 

*Error* Syntax error at clocking
"my_if.sv", 25: 

*Error* Syntax error at input
"my_if.sv", 26: 

*Error* Syntax error at inout
"my_if.sv", 27: 

*Error* Syntax error at input
"my_if.sv", 28: 

*Error* Syntax error at endclocking
"my_if.sv", 29: 

*Error* Syntax error at modport
"my_if.sv", 31: 

*Error* Syntax error at input
"my_if.sv", 32: 

*Error* Syntax error at input
"my_if.sv", 33: 

*Error* Syntax error at input
"my_if.sv", 34: 

*Error* Syntax error at output
"my_if.sv", 35: 

*Error* Syntax error at output
"my_if.sv", 36: 

*Error* Syntax error at output
"my_if.sv", 37: 

*Error* Syntax error at )
"my_if.sv", 38: 

*Error* Syntax error at modport
"my_if.sv", 40: 

*Error* Syntax error at clocking
"my_if.sv", 41: 

*Error* Syntax error at input
"my_if.sv", 42: 

*Error* Syntax error at input
"my_if.sv", 43: 

*Error* Syntax error at input
"my_if.sv", 44: 

*Error* Syntax error at )
"my_if.sv", 45: 

*Error* Syntax error at modport
"my_if.sv", 47: 

*Error* Syntax error at clocking
"my_if.sv", 48: 

*Error* Syntax error at input
"my_if.sv", 49: 

*Error* Syntax error at input
"my_if.sv", 50: 

*Error* Syntax error at input
"my_if.sv", 51: 

*Error* Syntax error at )
"my_if.sv", 52: 

*Error* Syntax error at endinterface
"my_if.sv", 58: 

*Error* Syntax error at class
"my_transaction.sv", 3: 

*Error* Syntax error at rand
"my_transaction.sv", 5: 

*Error* Syntax error at rand
"my_transaction.sv", 6: 

*Error* Syntax error at rand
"my_transaction.sv", 7: 

*Error* Syntax error at rand
"my_transaction.sv", 8: 

*Error* Syntax error at rand
"my_transaction.sv", 9: 

*Error* Syntax error at constraint
"my_transaction.sv", 11: 

*Error* Syntax error at pload
"my_transaction.sv", 12: 

*Error* Syntax error at pload
"my_transaction.sv", 13: 

*Error* Syntax error at }
"my_transaction.sv", 14: 

*Error* usage of using constructs outside of modules or primitives is supported only if the option '-sv' is specified
"my_transaction.sv", 16: 

*Error* Syntax error at [
"my_transaction.sv", 16: 

*Error* Syntax error at 32'h0
"my_transaction.sv", 17: 

*Error* Function bit has no argument.
"my_transaction.sv", 16: 

*Error* usage of using constructs outside of modules or primitives is supported only if the option '-sv' is specified
"my_transaction.sv", 20: 

*Error* Syntax error at post_randomize
"my_transaction.sv", 20: 

*Error* macro `uvm_object_utils_begin not defined
"my_transaction.sv", 24: 

*Error* macro `uvm_field_int not defined
"my_transaction.sv", 25: 

*Error* macro `uvm_field_int not defined
"my_transaction.sv", 26: 

*Error* macro `uvm_field_int not defined
"my_transaction.sv", 27: 

*Error* macro `uvm_field_array_int not defined
"my_transaction.sv", 28: 

*Error* macro `uvm_field_int not defined
"my_transaction.sv", 29: 

*Error* macro `uvm_object_utils_end not defined
"my_transaction.sv", 30: 

*Error* Function void has no argument.
"my_transaction.sv", 20: 

*Error* usage of using constructs outside of modules or primitives is supported only if the option '-sv' is specified
"my_transaction.sv", 32: 

*Error* Syntax error at name
"my_transaction.sv", 32: 

*Error* Syntax error at endclass
"my_transaction.sv", 37: 

*Error* Syntax error at class
"my_driver.sv", 4: 

*Error* Syntax error at virtual
"my_driver.sv", 6: 

*Error* macro `uvm_component_utils not defined
"my_driver.sv", 8: 

*Error* Syntax error at covergroup
"my_driver.sv", 10: 

*Error* Syntax error at option
"my_driver.sv", 11: 

*Error* Syntax error at option
"my_driver.sv", 12: 

*Error* Syntax error at coverpoint
"my_driver.sv", 13: 

*Error* Syntax error at coverpoint
"my_driver.sv", 14: 

*Error* Syntax error at endgroup
"my_driver.sv", 16: 

*Error* usage of using constructs outside of modules or primitives is supported only if the option '-sv' is specified
"my_driver.sv", 21: 

*Error* task or function (new) duplicated
"my_driver.sv", 21: 

*Error* Syntax error at virtual
"my_driver.sv", 26: 

*Error* Syntax error at super
"my_driver.sv", 27: 

*Error* Syntax error at if
"my_driver.sv", 28: 

*Error* macro `uvm_fatal not defined
"my_driver.sv", 29: 

*Error* Syntax error at endfunction
"my_driver.sv", 30: 

*Error* Syntax error at extern
"my_driver.sv", 32: 

*Error* Syntax error at extern
"my_driver.sv", 33: 

*Error* Syntax error at endclass
"my_driver.sv", 34: 

*Error* usage of using constructs outside of modules or primitives is supported only if the option '-sv' is specified
"my_driver.sv", 36: 

*Error* failed to find symbol 'my_driver'
"my_driver.sv", 36: 

*Error* macro `uvm_info not defined
"my_driver.sv", 37: 

*Error* usage of using constructs outside of modules or primitives is supported only if the option '-sv' is specified
"my_driver.sv", 54: 

*Error* failed to find symbol 'my_driver'
"my_driver.sv", 54: 

*Error* macro `uvm_info not defined
"my_driver.sv", 60: 

*Error* macro `uvm_info not defined
"my_driver.sv", 66: 

*Error* Syntax error at class
"in_monitor.sv", 4: 

*Error* Syntax error at virtual
"in_monitor.sv", 6: 

*Error* Syntax error at uvm_analysis_port
"in_monitor.sv", 8: 

*Error* macro `uvm_component_utils not defined
"in_monitor.sv", 10: 

*Error* usage of using constructs outside of modules or primitives is supported only if the option '-sv' is specified
"in_monitor.sv", 12: 

*Error* task or function (new) duplicated
"in_monitor.sv", 12: 

*Error* Syntax error at virtual
"in_monitor.sv", 16: 

*Error* Syntax error at super
"in_monitor.sv", 17: 

*Error* Syntax error at if
"in_monitor.sv", 18: 

*Error* macro `uvm_fatal not defined
"in_monitor.sv", 19: 

*Error* Syntax error at ap
"in_monitor.sv", 20: 

*Error* Syntax error at endfunction
"in_monitor.sv", 21: 

*Error* Syntax error at extern
"in_monitor.sv", 23: 

*Error* Syntax error at extern
"in_monitor.sv", 24: 

*Error* Syntax error at endclass
"in_monitor.sv", 25: 

*Error* usage of using constructs outside of modules or primitives is supported only if the option '-sv' is specified
"in_monitor.sv", 27: 

*Error* failed to find symbol 'in_monitor'
"in_monitor.sv", 27: 

*Error* usage of using constructs outside of modules or primitives is supported only if the option '-sv' is specified
"in_monitor.sv", 39: 

*Error* failed to find symbol 'in_monitor'
"in_monitor.sv", 39: 

*Error* macro `uvm_info not defined
"in_monitor.sv", 44: 

*Error* macro `uvm_info not defined
"in_monitor.sv", 49: 

*Error* macro `uvm_info not defined
"in_monitor.sv", 63: 

*Error* Syntax error at class
"out_monitor.sv", 4: 

*Error* Syntax error at virtual
"out_monitor.sv", 6: 

*Error* Syntax error at uvm_analysis_port
"out_monitor.sv", 8: 

*Error* macro `uvm_component_utils not defined
"out_monitor.sv", 10: 

*Error* usage of using constructs outside of modules or primitives is supported only if the option '-sv' is specified
"out_monitor.sv", 11: 

*Error* task or function (new) duplicated
"out_monitor.sv", 11: 

*Error* Syntax error at virtual
"out_monitor.sv", 15: 

*Error* Syntax error at super
"out_monitor.sv", 16: 

*Error* Syntax error at if
"out_monitor.sv", 17: 

*Error* macro `uvm_fatal not defined
"out_monitor.sv", 18: 

*Error* Syntax error at ap
"out_monitor.sv", 19: 

*Error* Syntax error at endfunction
"out_monitor.sv", 20: 

*Error* Syntax error at extern
"out_monitor.sv", 22: 

*Error* Syntax error at extern
"out_monitor.sv", 23: 

*Error* Syntax error at endclass
"out_monitor.sv", 24: 

*Error* usage of using constructs outside of modules or primitives is supported only if the option '-sv' is specified
"out_monitor.sv", 26: 

*Error* failed to find symbol 'out_monitor'
"out_monitor.sv", 26: 

*Error* usage of using constructs outside of modules or primitives is supported only if the option '-sv' is specified
"out_monitor.sv", 35: 

*Error* failed to find symbol 'out_monitor'
"out_monitor.sv", 35: 

*Error* macro `uvm_info not defined
"out_monitor.sv", 38: 

*Error* macro `uvm_info not defined
"out_monitor.sv", 43: 

*Error* macro `uvm_info not defined
"out_monitor.sv", 61: 

*Error* Syntax error at class
"my_sequencer.sv", 3: 

*Error* usage of using constructs outside of modules or primitives is supported only if the option '-sv' is specified
"my_sequencer.sv", 7: 

*Error* task or function (new) duplicated
"my_sequencer.sv", 7: 

*Error* usage of using constructs outside of modules or primitives is supported only if the option '-sv' is specified
"my_sequencer.sv", 11: 

*Error* Syntax error at phase
"my_sequencer.sv", 11: 

*Error* macro `uvm_info not defined
"my_sequencer.sv", 12: 

*Error* macro `uvm_component_utils not defined
"my_sequencer.sv", 28: 

*Error* Syntax error at endclass
"my_sequencer.sv", 29: 

*Error* Syntax error at class
"i_agt.sv", 4: 

*Error* Syntax error at my_driver
"i_agt.sv", 5: 

*Error* Syntax error at in_monitor
"i_agt.sv", 6: 

*Error* Syntax error at my_sequencer
"i_agt.sv", 7: 

*Error* Syntax error at uvm_analysis_port
"i_agt.sv", 9: 

*Error* usage of using constructs outside of modules or primitives is supported only if the option '-sv' is specified
"i_agt.sv", 11: 

*Error* task or function (new) duplicated
"i_agt.sv", 11: 

*Error* Syntax error at extern
"i_agt.sv", 15: 

*Error* Syntax error at extern
"i_agt.sv", 16: 

*Error* macro `uvm_component_utils not defined
"i_agt.sv", 18: 

*Error* Syntax error at endclass
"i_agt.sv", 19: 

*Error* usage of using constructs outside of modules or primitives is supported only if the option '-sv' is specified
"i_agt.sv", 21: 

*Error* task or function (void) duplicated
"i_agt.sv", 21: 

*Error* usage of using constructs outside of modules or primitives is supported only if the option '-sv' is specified
"i_agt.sv", 30: 

*Error* task or function (void) duplicated
"i_agt.sv", 30: 

*Error* Syntax error at class
"o_agt.sv", 4: 

*Error* Syntax error at out_monitor
"o_agt.sv", 5: 

*Error* Syntax error at my_driver
"o_agt.sv", 7: 

*Error* Syntax error at my_sequencer
"o_agt.sv", 9: 

*Error* Syntax error at uvm_analysis_port
"o_agt.sv", 11: 

*Error* usage of using constructs outside of modules or primitives is supported only if the option '-sv' is specified
"o_agt.sv", 13: 

*Error* task or function (new) duplicated
"o_agt.sv", 13: 

*Error* Syntax error at extern
"o_agt.sv", 17: 

*Error* Syntax error at extern
"o_agt.sv", 18: 

*Error* macro `uvm_component_utils not defined
"o_agt.sv", 20: 

*Error* Syntax error at endclass
"o_agt.sv", 21: 

*Error* usage of using constructs outside of modules or primitives is supported only if the option '-sv' is specified
"o_agt.sv", 23: 

*Error* task or function (void) duplicated
"o_agt.sv", 23: 

*Error* usage of using constructs outside of modules or primitives is supported only if the option '-sv' is specified
"o_agt.sv", 32: 

*Error* task or function (void) duplicated
"o_agt.sv", 32: 

*Error* Syntax error at class
"my_model.sv", 4: 

*Error* Syntax error at uvm_blocking_get_port
"my_model.sv", 6: 

*Error* Syntax error at uvm_analysis_port
"my_model.sv", 7: 

*Error* Syntax error at extern
"my_model.sv", 9: 

*Error* Syntax error at extern
"my_model.sv", 10: 

*Error* Syntax error at extern
"my_model.sv", 11: 

*Error* macro `uvm_component_utils not defined
"my_model.sv", 13: 

*Error* Syntax error at endclass
"my_model.sv", 14: 

*Error* usage of using constructs outside of modules or primitives is supported only if the option '-sv' is specified
"my_model.sv", 16: 

*Error* failed to find symbol 'my_model'
"my_model.sv", 16: 

*Error* usage of using constructs outside of modules or primitives is supported only if the option '-sv' is specified
"my_model.sv", 20: 

*Error* task or function (void) duplicated
"my_model.sv", 20: 

*Error* usage of using constructs outside of modules or primitives is supported only if the option '-sv' is specified
"my_model.sv", 26: 

*Error* failed to find symbol 'my_model'
"my_model.sv", 26: 

*Error* macro `uvm_info not defined
"my_model.sv", 34: 

*Error* Syntax error at class
"my_scoreboard.sv", 4: 

*Error* Syntax error at my_transaction
"my_scoreboard.sv", 11: 

*Error* Syntax error at uvm_blocking_get_port
"my_scoreboard.sv", 12: 

*Error* Syntax error at uvm_blocking_get_port
"my_scoreboard.sv", 13: 

*Error* macro `uvm_component_utils not defined
"my_scoreboard.sv", 15: 

*Error* Syntax error at extern
"my_scoreboard.sv", 17: 

*Error* Syntax error at extern
"my_scoreboard.sv", 18: 

*Error* Syntax error at extern
"my_scoreboard.sv", 19: 

*Error* Syntax error at endclass
"my_scoreboard.sv", 26: 

*Error* usage of using constructs outside of modules or primitives is supported only if the option '-sv' is specified
"my_scoreboard.sv", 28: 

*Error* failed to find symbol 'my_scoreboard'
"my_scoreboard.sv", 28: 

*Error* usage of using constructs outside of modules or primitives is supported only if the option '-sv' is specified
"my_scoreboard.sv", 32: 

*Error* task or function (void) duplicated
"my_scoreboard.sv", 32: 

*Error* usage of using constructs outside of modules or primitives is supported only if the option '-sv' is specified
"my_scoreboard.sv", 38: 

*Error* failed to find symbol 'my_scoreboard'
"my_scoreboard.sv", 38: 

*Error* macro `uvm_info not defined
"my_scoreboard.sv", 55: 

*Error* macro `uvm_info not defined
"my_scoreboard.sv", 58: 

*Error* macro `uvm_error not defined
"my_scoreboard.sv", 66: 

*Error* Syntax error at class
"my_env.sv", 4: 

*Error* Syntax error at i_agt
"my_env.sv", 6: 

*Error* Syntax error at o_agt
"my_env.sv", 8: 

*Error* Syntax error at my_model
"my_env.sv", 10: 

*Error* Syntax error at my_scoreboard
"my_env.sv", 12: 

*Error* Syntax error at uvm_tlm_analysis_fifo
"my_env.sv", 14: 

*Error* Syntax error at uvm_tlm_analysis_fifo
"my_env.sv", 15: 

*Error* Syntax error at uvm_tlm_analysis_fifo
"my_env.sv", 16: 

*Error* usage of using constructs outside of modules or primitives is supported only if the option '-sv' is specified
"my_env.sv", 18: 

*Error* task or function (new) duplicated
"my_env.sv", 18: 

*Error* Syntax error at virtual
"my_env.sv", 22: 

*Error* Syntax error at super
"my_env.sv", 23: 

*Error* Syntax error at i_agt1
"my_env.sv", 24: 

*Error* Syntax error at o_agt1
"my_env.sv", 25: 

*Error* Syntax error at i_agt1
"my_env.sv", 26: 

*Error* Syntax error at o_agt1
"my_env.sv", 27: 

*Error* Syntax error at mdl
"my_env.sv", 27: 

*Error* Syntax error at scb
"my_env.sv", 28: 

*Error* Syntax error at agt_mdl_fifo
"my_env.sv", 29: 

*Error* Syntax error at mdl_scb_fifo
"my_env.sv", 30: 

*Error* Syntax error at agt_scb_fifo
"my_env.sv", 31: 

*Error* Syntax error at endfunction
"my_env.sv", 35: 

*Error* Syntax error at extern
"my_env.sv", 46: 

*Error* macro `uvm_component_utils not defined
"my_env.sv", 48: 

*Error* Syntax error at endclass
"my_env.sv", 50: 

*Error* usage of using constructs outside of modules or primitives is supported only if the option '-sv' is specified
"my_env.sv", 52: 

*Error* task or function (void) duplicated
"my_env.sv", 52: 

*Error* Syntax error at class
"base_test.sv", 4: 

*Error* Syntax error at my_env
"base_test.sv", 6: 

*Error* usage of using constructs outside of modules or primitives is supported only if the option '-sv' is specified
"base_test.sv", 8: 

*Error* task or function (new) duplicated
"base_test.sv", 8: 

*Error* Syntax error at extern
"base_test.sv", 12: 

*Error* Syntax error at extern
"base_test.sv", 13: 

*Error* macro `uvm_component_utils not defined
"base_test.sv", 14: 

*Error* Syntax error at endclass
"base_test.sv", 15: 

*Error* usage of using constructs outside of modules or primitives is supported only if the option '-sv' is specified
"base_test.sv", 17: 

*Error* task or function (void) duplicated
"base_test.sv", 17: 

*Error* usage of using constructs outside of modules or primitives is supported only if the option '-sv' is specified
"base_test.sv", 22: 

*Error* task or function (void) duplicated
"base_test.sv", 22: 

*Error* Syntax error at class
"my_case0.sv", 4: 

*Error* Syntax error at my_transaction
"my_case0.sv", 6: 

*Error* usage of using constructs outside of modules or primitives is supported only if the option '-sv' is specified
"my_case0.sv", 9: 

*Error* task or function (new) duplicated
"my_case0.sv", 9: 

*Error* Syntax error at virtual
"my_case0.sv", 18: 

*Error* Syntax error at repeat
"my_case0.sv", 25: 

*Error* macro `uvm_info not defined
"my_case0.sv", 26: 

*Error* macro `uvm_do_with not defined
"my_case0.sv", 27: 

*Error* Syntax error at end
"my_case0.sv", 28: 

*Error* Syntax error at endtask
"my_case0.sv", 35: 

*Error* macro `uvm_object_utils not defined
"my_case0.sv", 37: 

*Error* Syntax error at endclass
"my_case0.sv", 38: 

*Error* Syntax error at class
"my_case0.sv", 40: 

*Error* usage of using constructs outside of modules or primitives is supported only if the option '-sv' is specified
"my_case0.sv", 44: 

*Error* task or function (new) duplicated
"my_case0.sv", 44: 

*Error* Syntax error at extern
"my_case0.sv", 47: 

*Error* Syntax error at extern
"my_case0.sv", 48: 

*Error* macro `uvm_component_utils not defined
"my_case0.sv", 49: 

*Error* Syntax error at endclass
"my_case0.sv", 50: 

*Error* usage of using constructs outside of modules or primitives is supported only if the option '-sv' is specified
"my_case0.sv", 52: 

*Error* task or function (void) duplicated
"my_case0.sv", 52: 

*Error* usage of using constructs outside of modules or primitives is supported only if the option '-sv' is specified
"my_case0.sv", 58: 

*Error* failed to find symbol 'my_case0'
"my_case0.sv", 58: 

*Error* macro `uvm_info not defined
"my_case0.sv", 64: 

*Error* Syntax error at class
"my_case1.sv", 4: 

*Error* Syntax error at my_transaction
"my_case1.sv", 6: 

*Error* usage of using constructs outside of modules or primitives is supported only if the option '-sv' is specified
"my_case1.sv", 8: 

*Error* task or function (new) duplicated
"my_case1.sv", 8: 

*Error* Syntax error at virtual
"my_case1.sv", 13: 

*Error* Syntax error at if
"my_case1.sv", 14: 

*Error* macro `uvm_info not defined
"my_case1.sv", 15: 

*Error* Syntax error at starting_phase
"my_case1.sv", 16: 

*Error* Syntax error at end
"my_case1.sv", 17: 

*Error* Syntax error at repeat
"my_case1.sv", 19: 

*Error* macro `uvm_info not defined
"my_case1.sv", 20: 

*Error* macro `uvm_do_with not defined
"my_case1.sv", 21: 

*Error* Syntax error at end
"my_case1.sv", 22: 

*Error* usage of using constructs outside of modules or primitives is supported only if the option '-sv' is specified
"my_case1.sv", 23: 

*Error* Syntax error at #
"my_case1.sv", 23: 

*Error* Syntax error at if
"my_case1.sv", 24: 

*Error* macro `uvm_info not defined
"my_case1.sv", 25: 

*Error* Syntax error at starting_phase
"my_case1.sv", 26: 

*Error* Syntax error at end
"my_case1.sv", 27: 

*Error* Syntax error at endtask
"my_case1.sv", 29: 

*Error* macro `uvm_object_utils not defined
"my_case1.sv", 31: 

*Error* Syntax error at endclass
"my_case1.sv", 32: 

*Error* Syntax error at class
"my_case1.sv", 34: 

*Error* usage of using constructs outside of modules or primitives is supported only if the option '-sv' is specified
"my_case1.sv", 36: 

*Error* task or function (new) duplicated
"my_case1.sv", 36: 

*Error* Syntax error at extern
"my_case1.sv", 39: 

*Error* macro `uvm_component_utils not defined
"my_case1.sv", 40: 

*Error* Syntax error at endclass
"my_case1.sv", 41: 

*Error* usage of using constructs outside of modules or primitives is supported only if the option '-sv' is specified
"my_case1.sv", 43: 

*Error* task or function (void) duplicated
"my_case1.sv", 43: 

*Error* Syntax error at class
"fifo_chk_rst.sv", 5: 

*Error* Syntax error at bit
"fifo_chk_rst.sv", 6: 

*Error* usage of using constructs outside of modules or primitives is supported only if the option '-sv' is specified
"fifo_chk_rst.sv", 7: 

*Error* usage of using constructs outside of modules or primitives is supported only if the option '-sv' is specified
"fifo_chk_rst.sv", 10: 

*Error* task or function (new) duplicated
"fifo_chk_rst.sv", 10: 

*Error* usage of using constructs outside of modules or primitives is supported only if the option '-sv' is specified
"fifo_chk_rst.sv", 15: 

*Warning* Task/Function Null portlist using parentheses.
"fifo_chk_rst.sv", 15: 

*Error* Syntax error at endtask
"fifo_chk_rst.sv", 19: 

*Error* Syntax error at task
"fifo_chk_rst.sv", 21: 

*Error* Syntax error at endclass
"fifo_chk_rst.sv", 50: 

*Error* Syntax error at class
"fifo_rst_mon.sv", 5: 

*Error* usage of using constructs outside of modules or primitives is supported only if the option '-sv' is specified
"fifo_rst_mon.sv", 6: 

*Warning* symbol reset_e_w duplicated
"fifo_rst_mon.sv", 6: 

*Warning* symbol reset_e_r duplicated
"fifo_rst_mon.sv", 6: 

*Error* Syntax error at virtual
"fifo_rst_mon.sv", 7: 

*Error* usage of using constructs outside of modules or primitives is supported only if the option '-sv' is specified
"fifo_rst_mon.sv", 8: 

*Error* task or function (run) duplicated
"fifo_rst_mon.sv", 8: 

*Error* usage of using constructs outside of modules or primitives is supported only if the option '-sv' is specified
"fifo_rst_mon.sv", 14: 

*Warning* Task/Function Null portlist using parentheses.
"fifo_rst_mon.sv", 14: 

*Error* usage of using constructs outside of modules or primitives is supported only if the option '-sv' is specified
"fifo_rst_mon.sv", 28: 

*Error* task or function (new) duplicated
"fifo_rst_mon.sv", 28: 

*Error* Syntax error at endclass
"fifo_rst_mon.sv", 33: 

*Error* Syntax error at ,
"top_tb.sv", 23: 

*Error* Syntax error at ;
"top_tb.sv", 28: 

*Error* Syntax error at ;
"top_tb.sv", 29: 

*Error* Syntax error at my_if
"top_tb.sv", 60: 

*Error* Syntax error at my_if
"top_tb.sv", 61: 

*Error* Syntax error at my_if
"top_tb.sv", 62: 

*Error* usage of implicit .wclk port is supported only if the option '-sv' is specified
"top_tb.sv", 97: 

*Error* usage of implicit .rclk port is supported only if the option '-sv' is specified
"top_tb.sv", 98: 

*Error* usage of implicit .wrst_n port is supported only if the option '-sv' is specified
"top_tb.sv", 99: 

*Error* usage of implicit .rrst_n port is supported only if the option '-sv' is specified
"top_tb.sv", 100: 

*Error* illegal LHS in procedural assignment
"top_tb.sv", 40: 

*Error* illegal LHS in procedural assignment
"top_tb.sv", 41: 

*Error* illegal LHS in procedural assignment
"top_tb.sv", 42: 

*Error* illegal LHS in procedural assignment
"top_tb.sv", 43: 

*Error* illegal LHS in procedural assignment
"top_tb.sv", 44: 

*Error* illegal LHS in procedural assignment
"top_tb.sv", 45: 

*Error* illegal LHS in procedural assignment
"top_tb.sv", 48: 

*Error* illegal LHS in procedural assignment
"top_tb.sv", 49: 

*Error* illegal identifier my_if1
"top_tb.sv", 69: 

*Error* illegal LHS in procedural assignment
"top_tb.sv", 56: 

*Error* illegal LHS in procedural assignment
"top_tb.sv", 57: 

*Warning* invalid task enable in function
"my_transaction.sv", 33: 
Highest level modules:
top_tb


*Error* failed to find identifier run_test
"top_tb.sv", 34: 

*Error* failed to find identifier my_if1.winc
"top_tb.sv", 46: 

*Error* failed to find identifier my_if1.rinc
"top_tb.sv", 47: 

*Error* failed to find identifier virtual
"top_tb.sv", 60: 

*Error* failed to find identifier virtual
"top_tb.sv", 61: 

*Error* failed to find identifier virtual
"top_tb.sv", 62: 

*Error* failed to find identifier fifo_rst_mon1
"top_tb.sv", 67: 

*Error* incompatible parameters on task/function new
"top_tb.sv", 67: 

*Error* failed to find identifier fifo_chk_rst1
"top_tb.sv", 68: 

*Error* incompatible parameters on task/function new
"top_tb.sv", 68: 

*Error* failed to find identifier fifo_rst_mon1.my_if6
"top_tb.sv", 69: 

*Error* failed to find identifier fifo_rst_mon1.run
"top_tb.sv", 71: 

*Error* failed to find identifier fifo_chk_rst1.run
"top_tb.sv", 72: 

*Error* failed to find identifier my_if1.winc
"top_tb.sv", 101: 

*Error* failed to find identifier my_if1.rinc
"top_tb.sv", 102: 

*Error* failed to find identifier my_if1.wdata
"top_tb.sv", 103: 

*Error* failed to find identifier my_if1.rdata
"top_tb.sv", 106: 

*Error* view my_if is not defined for instance my_if1
"top_tb.sv", 25: 
Total	361 error(s),   12 warning(s)
